<?xml version="1.0" encoding="UTF-8"?>
<testng-results skipped="0" failed="3" ignored="0" total="21" passed="18">
  <reporter-output>
  </reporter-output>
  <suite name="test-suite" duration-ms="2223476" started-at="2019-12-24T04:35:54Z" finished-at="2019-12-24T05:12:58Z">
    <groups>
      <group name="buyOrder">
        <method signature="SbuscribeForProductCase.testCase2()[pri:0, instance:bn.test.smlcs.testCase.SbuscribeForProductCase@2ef9b8bc]" name="testCase2" class="bn.test.smlcs.testCase.SbuscribeForProductCase"/>
      </group> <!-- buyOrder -->
    </groups>
    <test name="tests" duration-ms="2223476" started-at="2019-12-24T04:35:54Z" finished-at="2019-12-24T05:12:58Z">
      <class name="bn.test.smlcs.testCase.MyApprovalCase">
        <test-method status="PASS" signature="befor()[pri:0, instance:bn.test.smlcs.testCase.MyApprovalCase@1324409e]" name="befor" is-config="true" duration-ms="11814" started-at="2019-12-24T04:52:02Z" finished-at="2019-12-24T04:52:14Z">
          <reporter-output>
          </reporter-output>
        </test-method> <!-- befor -->
        <test-method status="PASS" signature="MyApproval1()[pri:0, instance:bn.test.smlcs.testCase.MyApprovalCase@1324409e]" name="MyApproval1" duration-ms="34900" started-at="2019-12-24T04:52:14Z" description="我的审批列表为空-案例" finished-at="2019-12-24T04:52:49Z">
          <reporter-output>
          </reporter-output>
        </test-method> <!-- MyApproval1 -->
        <test-method status="PASS" signature="quit()[pri:0, instance:bn.test.smlcs.testCase.MyApprovalCase@1324409e]" name="quit" is-config="true" duration-ms="1045" started-at="2019-12-24T04:52:49Z" finished-at="2019-12-24T04:52:50Z">
          <reporter-output>
          </reporter-output>
        </test-method> <!-- quit -->
      </class> <!-- bn.test.smlcs.testCase.MyApprovalCase -->
      <class name="bn.test.smlcs.testCase.HomeCase">
        <test-method status="PASS" signature="befor()[pri:0, instance:bn.test.smlcs.testCase.HomeCase@13fee20c]" name="befor" is-config="true" duration-ms="330379" started-at="2019-12-24T04:35:54Z" finished-at="2019-12-24T04:41:25Z">
          <reporter-output>
          </reporter-output>
        </test-method> <!-- befor -->
        <test-method status="FAIL" signature="clickDaibanrenwu()[pri:0, instance:bn.test.smlcs.testCase.HomeCase@13fee20c]" name="clickDaibanrenwu" duration-ms="11705" started-at="2019-12-24T04:41:25Z" description="点击待办任务案例" finished-at="2019-12-24T04:41:37Z">
          <exception class="org.openqa.selenium.TimeoutException">
            <message>
              <![CDATA[Expected condition failed: waiting for visibility of Located by By.chained({By.IosNsPredicate: name  CONTAINS '忘记'}) (tried for 10 second(s) with 500 milliseconds interval)]]>
            </message>
            <full-stacktrace>
              <![CDATA[org.openqa.selenium.TimeoutException: Expected condition failed: waiting for visibility of Located by By.chained({By.IosNsPredicate: name  CONTAINS '忘记'}) (tried for 10 second(s) with 500 milliseconds interval)
at org.openqa.selenium.support.ui.WebDriverWait.timeoutException(WebDriverWait.java:95)
at org.openqa.selenium.support.ui.FluentWait.until(FluentWait.java:272)
at bn.test.smlcs.util.ElementOperation.getElementText(ElementOperation.java:82)
at bn.test.smlcs.step.LoginStep.unifyLoginFunction(LoginStep.java:105)
at bn.test.smlcs.testCase.HomeCase.clickDaibanrenwu(HomeCase.java:41)
at sun.reflect.NativeMethodAccessorImpl.invoke0(Native Method)
at sun.reflect.NativeMethodAccessorImpl.invoke(NativeMethodAccessorImpl.java:62)
at sun.reflect.DelegatingMethodAccessorImpl.invoke(DelegatingMethodAccessorImpl.java:43)
at java.lang.reflect.Method.invoke(Method.java:498)
at org.testng.internal.MethodInvocationHelper.invokeMethod(MethodInvocationHelper.java:124)
at org.testng.internal.Invoker.invokeMethod(Invoker.java:580)
at org.testng.internal.Invoker.invokeTestMethod(Invoker.java:716)
at org.testng.internal.Invoker.invokeTestMethods(Invoker.java:988)
at org.testng.internal.TestMethodWorker.invokeTestMethods(TestMethodWorker.java:125)
at org.testng.internal.TestMethodWorker.run(TestMethodWorker.java:109)
at org.testng.TestRunner.privateRun(TestRunner.java:648)
at org.testng.TestRunner.run(TestRunner.java:505)
at org.testng.SuiteRunner.runTest(SuiteRunner.java:455)
at org.testng.SuiteRunner.runSequentially(SuiteRunner.java:450)
at org.testng.SuiteRunner.privateRun(SuiteRunner.java:415)
at org.testng.SuiteRunner.run(SuiteRunner.java:364)
at org.testng.SuiteRunnerWorker.runSuite(SuiteRunnerWorker.java:52)
at org.testng.SuiteRunnerWorker.run(SuiteRunnerWorker.java:84)
at org.testng.TestNG.runSuitesSequentially(TestNG.java:1208)
at org.testng.TestNG.runSuitesLocally(TestNG.java:1137)
at org.testng.TestNG.runSuites(TestNG.java:1049)
at org.testng.TestNG.run(TestNG.java:1017)
at org.apache.maven.surefire.testng.TestNGExecutor.run(TestNGExecutor.java:293)
at org.apache.maven.surefire.testng.TestNGXmlTestSuite.execute(TestNGXmlTestSuite.java:84)
at org.apache.maven.surefire.testng.TestNGProvider.invoke(TestNGProvider.java:91)
at org.apache.maven.surefire.booter.ForkedBooter.invokeProviderInSameClassLoader(ForkedBooter.java:200)
at org.apache.maven.surefire.booter.ForkedBooter.runSuitesInProcess(ForkedBooter.java:153)
at org.apache.maven.surefire.booter.ForkedBooter.main(ForkedBooter.java:103)
Caused by: org.openqa.selenium.NoSuchElementException: Can't locate an element by this strategy: By.chained({By.IosNsPredicate: name  CONTAINS '忘记'})
at io.appium.java_client.pagefactory.AppiumElementLocator.findElement(AppiumElementLocator.java:126)
at io.appium.java_client.pagefactory.interceptors.InterceptorOfASingleElement.intercept(InterceptorOfASingleElement.java:59)
at io.appium.java_client.ios.IOSElement$$EnhancerByCGLIB$$d311658.isDisplayed(<generated>)
at org.openqa.selenium.support.ui.ExpectedConditions.elementIfVisible(ExpectedConditions.java:314)
at org.openqa.selenium.support.ui.ExpectedConditions.access$000(ExpectedConditions.java:43)
at org.openqa.selenium.support.ui.ExpectedConditions$10.apply(ExpectedConditions.java:300)
at org.openqa.selenium.support.ui.ExpectedConditions$10.apply(ExpectedConditions.java:297)
at org.openqa.selenium.support.ui.FluentWait.until(FluentWait.java:249)
... 31 more
Caused by: org.openqa.selenium.TimeoutException: Expected condition failed: waiting for io.appium.java_client.pagefactory.AppiumElementLocator$WaitingFunction@44be0077 (tried for 10 second(s) with 500 milliseconds interval)
at org.openqa.selenium.support.ui.FluentWait.timeoutException(FluentWait.java:304)
at org.openqa.selenium.support.ui.FluentWait.until(FluentWait.java:272)
at io.appium.java_client.pagefactory.AppiumElementLocator.waitFor(AppiumElementLocator.java:99)
at io.appium.java_client.pagefactory.AppiumElementLocator.findElement(AppiumElementLocator.java:119)
... 38 more
Caused by: org.openqa.selenium.NoSuchElementException: Cannot locate an element using By.chained({By.IosNsPredicate: name  CONTAINS '忘记'})
For documentation on this error, please visit: https://www.seleniumhq.org/exceptions/no_such_element.html
Build info: version: '3.141.59', revision: 'e82be7d358', time: '2018-11-14T08:17:03'
System info: host: 'zhaodongMac.local', ip: 'fe80:0:0:0:86a:d386:a468:1124%en0', os.name: 'Mac OS X', os.arch: 'x86_64', os.version: '10.14.3', java.version: '1.8.0_111'
Driver info: driver.version: IOSDriver
at io.appium.java_client.pagefactory.bys.builder.ByChained.findElement(ByChained.java:74)
at org.openqa.selenium.remote.RemoteWebDriver.findElement(RemoteWebDriver.java:315)
at io.appium.java_client.DefaultGenericMobileDriver.findElement(DefaultGenericMobileDriver.java:58)
at io.appium.java_client.AppiumDriver.findElement(AppiumDriver.java:1)
at io.appium.java_client.ios.IOSDriver.findElement(IOSDriver.java:1)
at io.appium.java_client.pagefactory.bys.ContentMappedBy.findElement(ContentMappedBy.java:50)
at org.openqa.selenium.remote.RemoteWebDriver.findElement(RemoteWebDriver.java:315)
at io.appium.java_client.DefaultGenericMobileDriver.findElement(DefaultGenericMobileDriver.java:58)
at io.appium.java_client.AppiumDriver.findElement(AppiumDriver.java:1)
at io.appium.java_client.ios.IOSDriver.findElement(IOSDriver.java:1)
at io.appium.java_client.pagefactory.AppiumElementLocator.lambda$0(AppiumElementLocator.java:120)
at io.appium.java_client.pagefactory.AppiumElementLocator$WaitingFunction.apply(AppiumElementLocator.java:172)
at io.appium.java_client.pagefactory.AppiumElementLocator$WaitingFunction.apply(AppiumElementLocator.java:1)
at org.openqa.selenium.support.ui.FluentWait.until(FluentWait.java:249)
... 40 more
]]>
            </full-stacktrace>
          </exception> <!-- org.openqa.selenium.TimeoutException -->
          <reporter-output>
          </reporter-output>
        </test-method> <!-- clickDaibanrenwu -->
        <test-method status="PASS" signature="quit()[pri:0, instance:bn.test.smlcs.testCase.HomeCase@13fee20c]" name="quit" is-config="true" duration-ms="1045" started-at="2019-12-24T04:41:37Z" finished-at="2019-12-24T04:41:38Z">
          <reporter-output>
          </reporter-output>
        </test-method> <!-- quit -->
        <test-method status="PASS" signature="befor()[pri:0, instance:bn.test.smlcs.testCase.HomeCase@13fee20c]" name="befor" is-config="true" duration-ms="10698" started-at="2019-12-24T04:41:38Z" finished-at="2019-12-24T04:41:48Z">
          <reporter-output>
          </reporter-output>
        </test-method> <!-- befor -->
        <test-method status="PASS" signature="myApproval()[pri:0, instance:bn.test.smlcs.testCase.HomeCase@13fee20c]" name="myApproval" duration-ms="33554" started-at="2019-12-24T04:41:48Z" description="点击我的审批案例" finished-at="2019-12-24T04:42:22Z">
          <reporter-output>
          </reporter-output>
        </test-method> <!-- myApproval -->
        <test-method status="PASS" signature="quit()[pri:0, instance:bn.test.smlcs.testCase.HomeCase@13fee20c]" name="quit" is-config="true" duration-ms="1062" started-at="2019-12-24T04:42:22Z" finished-at="2019-12-24T04:42:23Z">
          <reporter-output>
          </reporter-output>
        </test-method> <!-- quit -->
        <test-method status="PASS" signature="befor()[pri:0, instance:bn.test.smlcs.testCase.HomeCase@13fee20c]" name="befor" is-config="true" duration-ms="9545" started-at="2019-12-24T04:42:23Z" finished-at="2019-12-24T04:42:33Z">
          <reporter-output>
          </reporter-output>
        </test-method> <!-- befor -->
        <test-method status="PASS" signature="riLiCase()[pri:0, instance:bn.test.smlcs.testCase.HomeCase@13fee20c]" name="riLiCase" duration-ms="34383" started-at="2019-12-24T04:42:33Z" description="日历案例" finished-at="2019-12-24T04:43:07Z">
          <reporter-output>
          </reporter-output>
        </test-method> <!-- riLiCase -->
        <test-method status="PASS" signature="quit()[pri:0, instance:bn.test.smlcs.testCase.HomeCase@13fee20c]" name="quit" is-config="true" duration-ms="1055" started-at="2019-12-24T04:43:07Z" finished-at="2019-12-24T04:43:08Z">
          <reporter-output>
          </reporter-output>
        </test-method> <!-- quit -->
        <test-method status="PASS" signature="befor()[pri:0, instance:bn.test.smlcs.testCase.HomeCase@13fee20c]" name="befor" is-config="true" duration-ms="8276" started-at="2019-12-24T04:43:08Z" finished-at="2019-12-24T04:43:16Z">
          <reporter-output>
          </reporter-output>
        </test-method> <!-- befor -->
        <test-method status="FAIL" signature="zhuanFaZhuShou()[pri:0, instance:bn.test.smlcs.testCase.HomeCase@13fee20c]" name="zhuanFaZhuShou" duration-ms="41392" started-at="2019-12-24T04:43:16Z" description="点击转发助手案例" finished-at="2019-12-24T04:43:58Z">
          <exception class="org.openqa.selenium.TimeoutException">
            <message>
              <![CDATA[Expected condition failed: waiting for visibility of Located by By.chained({By.IosNsPredicate: value=='转发助手'}) (tried for 10 second(s) with 500 milliseconds interval)]]>
            </message>
            <full-stacktrace>
              <![CDATA[org.openqa.selenium.TimeoutException: Expected condition failed: waiting for visibility of Located by By.chained({By.IosNsPredicate: value=='转发助手'}) (tried for 10 second(s) with 500 milliseconds interval)
at org.openqa.selenium.support.ui.WebDriverWait.timeoutException(WebDriverWait.java:95)
at org.openqa.selenium.support.ui.FluentWait.until(FluentWait.java:272)
at bn.test.smlcs.util.ElementOperation.getElementText(ElementOperation.java:82)
at bn.test.smlcs.step.ZhuanFaZhuShouStep.getTitle(ZhuanFaZhuShouStep.java:25)
at bn.test.smlcs.testCase.HomeCase.zhuanFaZhuShou(HomeCase.java:72)
at sun.reflect.NativeMethodAccessorImpl.invoke0(Native Method)
at sun.reflect.NativeMethodAccessorImpl.invoke(NativeMethodAccessorImpl.java:62)
at sun.reflect.DelegatingMethodAccessorImpl.invoke(DelegatingMethodAccessorImpl.java:43)
at java.lang.reflect.Method.invoke(Method.java:498)
at org.testng.internal.MethodInvocationHelper.invokeMethod(MethodInvocationHelper.java:124)
at org.testng.internal.Invoker.invokeMethod(Invoker.java:580)
at org.testng.internal.Invoker.invokeTestMethod(Invoker.java:716)
at org.testng.internal.Invoker.invokeTestMethods(Invoker.java:988)
at org.testng.internal.TestMethodWorker.invokeTestMethods(TestMethodWorker.java:125)
at org.testng.internal.TestMethodWorker.run(TestMethodWorker.java:109)
at org.testng.TestRunner.privateRun(TestRunner.java:648)
at org.testng.TestRunner.run(TestRunner.java:505)
at org.testng.SuiteRunner.runTest(SuiteRunner.java:455)
at org.testng.SuiteRunner.runSequentially(SuiteRunner.java:450)
at org.testng.SuiteRunner.privateRun(SuiteRunner.java:415)
at org.testng.SuiteRunner.run(SuiteRunner.java:364)
at org.testng.SuiteRunnerWorker.runSuite(SuiteRunnerWorker.java:52)
at org.testng.SuiteRunnerWorker.run(SuiteRunnerWorker.java:84)
at org.testng.TestNG.runSuitesSequentially(TestNG.java:1208)
at org.testng.TestNG.runSuitesLocally(TestNG.java:1137)
at org.testng.TestNG.runSuites(TestNG.java:1049)
at org.testng.TestNG.run(TestNG.java:1017)
at org.apache.maven.surefire.testng.TestNGExecutor.run(TestNGExecutor.java:293)
at org.apache.maven.surefire.testng.TestNGXmlTestSuite.execute(TestNGXmlTestSuite.java:84)
at org.apache.maven.surefire.testng.TestNGProvider.invoke(TestNGProvider.java:91)
at org.apache.maven.surefire.booter.ForkedBooter.invokeProviderInSameClassLoader(ForkedBooter.java:200)
at org.apache.maven.surefire.booter.ForkedBooter.runSuitesInProcess(ForkedBooter.java:153)
at org.apache.maven.surefire.booter.ForkedBooter.main(ForkedBooter.java:103)
Caused by: org.openqa.selenium.NoSuchElementException: Can't locate an element by this strategy: By.chained({By.IosNsPredicate: value=='转发助手'})
at io.appium.java_client.pagefactory.AppiumElementLocator.findElement(AppiumElementLocator.java:126)
at io.appium.java_client.pagefactory.interceptors.InterceptorOfASingleElement.intercept(InterceptorOfASingleElement.java:59)
at io.appium.java_client.ios.IOSElement$$EnhancerByCGLIB$$d311658.isDisplayed(<generated>)
at org.openqa.selenium.support.ui.ExpectedConditions.elementIfVisible(ExpectedConditions.java:314)
at org.openqa.selenium.support.ui.ExpectedConditions.access$000(ExpectedConditions.java:43)
at org.openqa.selenium.support.ui.ExpectedConditions$10.apply(ExpectedConditions.java:300)
at org.openqa.selenium.support.ui.ExpectedConditions$10.apply(ExpectedConditions.java:297)
at org.openqa.selenium.support.ui.FluentWait.until(FluentWait.java:249)
... 31 more
Caused by: org.openqa.selenium.TimeoutException: Expected condition failed: waiting for io.appium.java_client.pagefactory.AppiumElementLocator$WaitingFunction@ea9b7c6 (tried for 10 second(s) with 500 milliseconds interval)
at org.openqa.selenium.support.ui.FluentWait.timeoutException(FluentWait.java:304)
at org.openqa.selenium.support.ui.FluentWait.until(FluentWait.java:272)
at io.appium.java_client.pagefactory.AppiumElementLocator.waitFor(AppiumElementLocator.java:99)
at io.appium.java_client.pagefactory.AppiumElementLocator.findElement(AppiumElementLocator.java:119)
... 38 more
Caused by: org.openqa.selenium.NoSuchElementException: Cannot locate an element using By.chained({By.IosNsPredicate: value=='转发助手'})
For documentation on this error, please visit: https://www.seleniumhq.org/exceptions/no_such_element.html
Build info: version: '3.141.59', revision: 'e82be7d358', time: '2018-11-14T08:17:03'
System info: host: 'zhaodongMac.local', ip: 'fe80:0:0:0:86a:d386:a468:1124%en0', os.name: 'Mac OS X', os.arch: 'x86_64', os.version: '10.14.3', java.version: '1.8.0_111'
Driver info: driver.version: IOSDriver
at io.appium.java_client.pagefactory.bys.builder.ByChained.findElement(ByChained.java:74)
at org.openqa.selenium.remote.RemoteWebDriver.findElement(RemoteWebDriver.java:315)
at io.appium.java_client.DefaultGenericMobileDriver.findElement(DefaultGenericMobileDriver.java:58)
at io.appium.java_client.AppiumDriver.findElement(AppiumDriver.java:1)
at io.appium.java_client.ios.IOSDriver.findElement(IOSDriver.java:1)
at io.appium.java_client.pagefactory.bys.ContentMappedBy.findElement(ContentMappedBy.java:50)
at org.openqa.selenium.remote.RemoteWebDriver.findElement(RemoteWebDriver.java:315)
at io.appium.java_client.DefaultGenericMobileDriver.findElement(DefaultGenericMobileDriver.java:58)
at io.appium.java_client.AppiumDriver.findElement(AppiumDriver.java:1)
at io.appium.java_client.ios.IOSDriver.findElement(IOSDriver.java:1)
at io.appium.java_client.pagefactory.AppiumElementLocator.lambda$0(AppiumElementLocator.java:120)
at io.appium.java_client.pagefactory.AppiumElementLocator$WaitingFunction.apply(AppiumElementLocator.java:172)
at io.appium.java_client.pagefactory.AppiumElementLocator$WaitingFunction.apply(AppiumElementLocator.java:1)
at org.openqa.selenium.support.ui.FluentWait.until(FluentWait.java:249)
... 40 more
]]>
            </full-stacktrace>
          </exception> <!-- org.openqa.selenium.TimeoutException -->
          <reporter-output>
          </reporter-output>
        </test-method> <!-- zhuanFaZhuShou -->
        <test-method status="PASS" signature="quit()[pri:0, instance:bn.test.smlcs.testCase.HomeCase@13fee20c]" name="quit" is-config="true" duration-ms="1146" started-at="2019-12-24T04:43:58Z" finished-at="2019-12-24T04:43:59Z">
          <reporter-output>
          </reporter-output>
        </test-method> <!-- quit -->
      </class> <!-- bn.test.smlcs.testCase.HomeCase -->
      <class name="bn.test.smlcs.testCase.MyRedeemCase">
        <test-method status="PASS" signature="befor()[pri:0, instance:bn.test.smlcs.testCase.MyRedeemCase@2c6a3f77]" name="befor" is-config="true" duration-ms="8708" started-at="2019-12-24T04:52:50Z" finished-at="2019-12-24T04:52:58Z">
          <reporter-output>
          </reporter-output>
        </test-method> <!-- befor -->
        <test-method status="PASS" signature="myRedeemCase1()[pri:0, instance:bn.test.smlcs.testCase.MyRedeemCase@2c6a3f77]" name="myRedeemCase1" duration-ms="87723" started-at="2019-12-24T04:52:58Z" description="我要赎回-正向案例" finished-at="2019-12-24T04:54:26Z">
          <reporter-output>
          </reporter-output>
        </test-method> <!-- myRedeemCase1 -->
        <test-method status="PASS" signature="quit()[pri:0, instance:bn.test.smlcs.testCase.MyRedeemCase@2c6a3f77]" name="quit" is-config="true" duration-ms="1104" started-at="2019-12-24T04:54:26Z" finished-at="2019-12-24T04:54:27Z">
          <reporter-output>
          </reporter-output>
        </test-method> <!-- quit -->
      </class> <!-- bn.test.smlcs.testCase.MyRedeemCase -->
      <class name="bn.test.smlcs.testCase.ProductTransformCase">
        <test-method status="PASS" signature="befor()[pri:0, instance:bn.test.smlcs.testCase.ProductTransformCase@5315b42e]" name="befor" is-config="true" duration-ms="10660" started-at="2019-12-24T04:58:16Z" finished-at="2019-12-24T04:58:27Z">
          <reporter-output>
          </reporter-output>
        </test-method> <!-- befor -->
        <test-method status="PASS" signature="productTransformCase1()[pri:0, instance:bn.test.smlcs.testCase.ProductTransformCase@5315b42e]" name="productTransformCase1" duration-ms="103613" started-at="2019-12-24T04:58:27Z" description="产品转换-正向案例" finished-at="2019-12-24T05:00:10Z">
          <reporter-output>
          </reporter-output>
        </test-method> <!-- productTransformCase1 -->
        <test-method status="PASS" signature="quit()[pri:0, instance:bn.test.smlcs.testCase.ProductTransformCase@5315b42e]" name="quit" is-config="true" duration-ms="1122" started-at="2019-12-24T05:00:10Z" finished-at="2019-12-24T05:00:12Z">
          <reporter-output>
          </reporter-output>
        </test-method> <!-- quit -->
      </class> <!-- bn.test.smlcs.testCase.ProductTransformCase -->
      <class name="bn.test.smlcs.testCase.SbuscribeForProductCase">
        <test-method status="PASS" signature="befor()[pri:0, instance:bn.test.smlcs.testCase.SbuscribeForProductCase@2ef9b8bc]" name="befor" is-config="true" duration-ms="9929" started-at="2019-12-24T05:00:12Z" finished-at="2019-12-24T05:00:21Z">
          <reporter-output>
          </reporter-output>
        </test-method> <!-- befor -->
        <test-method status="PASS" signature="myOrder_orderCancelCase()[pri:0, instance:bn.test.smlcs.testCase.SbuscribeForProductCase@2ef9b8bc]" name="myOrder_orderCancelCase" duration-ms="95548" started-at="2019-12-24T05:00:21Z" description="我的订单-撤销订单案例" finished-at="2019-12-24T05:01:57Z">
          <reporter-output>
          </reporter-output>
        </test-method> <!-- myOrder_orderCancelCase -->
        <test-method status="PASS" signature="quit()[pri:0, instance:bn.test.smlcs.testCase.SbuscribeForProductCase@2ef9b8bc]" name="quit" is-config="true" duration-ms="1125" started-at="2019-12-24T05:01:57Z" finished-at="2019-12-24T05:01:58Z">
          <reporter-output>
          </reporter-output>
        </test-method> <!-- quit -->
        <test-method status="PASS" signature="befor()[pri:0, instance:bn.test.smlcs.testCase.SbuscribeForProductCase@2ef9b8bc]" name="befor" is-config="true" duration-ms="10019" started-at="2019-12-24T05:01:58Z" finished-at="2019-12-24T05:02:08Z">
          <reporter-output>
          </reporter-output>
        </test-method> <!-- befor -->
        <test-method status="PASS" signature="testCase1()[pri:0, instance:bn.test.smlcs.testCase.SbuscribeForProductCase@2ef9b8bc]" name="testCase1" duration-ms="205185" started-at="2019-12-24T05:02:08Z" description="内部下单流程-定期-正向案例" finished-at="2019-12-24T05:05:33Z">
          <reporter-output>
          </reporter-output>
        </test-method> <!-- testCase1 -->
        <test-method status="PASS" signature="quit()[pri:0, instance:bn.test.smlcs.testCase.SbuscribeForProductCase@2ef9b8bc]" name="quit" is-config="true" duration-ms="1130" started-at="2019-12-24T05:05:33Z" finished-at="2019-12-24T05:05:35Z">
          <reporter-output>
          </reporter-output>
        </test-method> <!-- quit -->
        <test-method status="PASS" signature="befor()[pri:0, instance:bn.test.smlcs.testCase.SbuscribeForProductCase@2ef9b8bc]" name="befor" is-config="true" duration-ms="11976" started-at="2019-12-24T05:05:35Z" finished-at="2019-12-24T05:05:46Z">
          <reporter-output>
          </reporter-output>
        </test-method> <!-- befor -->
        <test-method status="PASS" signature="testCase2()[pri:0, instance:bn.test.smlcs.testCase.SbuscribeForProductCase@2ef9b8bc]" name="testCase2" duration-ms="190999" started-at="2019-12-24T05:05:46Z" description="内部下单流程-活期-正向案例" finished-at="2019-12-24T05:08:57Z">
          <reporter-output>
          </reporter-output>
        </test-method> <!-- testCase2 -->
        <test-method status="PASS" signature="quit()[pri:0, instance:bn.test.smlcs.testCase.SbuscribeForProductCase@2ef9b8bc]" name="quit" is-config="true" duration-ms="1055" started-at="2019-12-24T05:08:57Z" finished-at="2019-12-24T05:08:59Z">
          <reporter-output>
          </reporter-output>
        </test-method> <!-- quit -->
      </class> <!-- bn.test.smlcs.testCase.SbuscribeForProductCase -->
      <class name="bn.test.smlcs.testCase.FundPlanCase">
        <test-method status="PASS" signature="befor()[pri:0, instance:bn.test.smlcs.testCase.FundPlanCase@735f7ae5]" name="befor" is-config="true" duration-ms="12657" started-at="2019-12-24T04:48:19Z" finished-at="2019-12-24T04:48:31Z">
          <reporter-output>
          </reporter-output>
        </test-method> <!-- befor -->
        <test-method status="PASS" signature="fundPlanCase1()[pri:0, instance:bn.test.smlcs.testCase.FundPlanCase@735f7ae5]" name="fundPlanCase1" duration-ms="83742" started-at="2019-12-24T04:48:31Z" description="资金计划-正向案例" finished-at="2019-12-24T04:49:55Z">
          <reporter-output>
          </reporter-output>
        </test-method> <!-- fundPlanCase1 -->
        <test-method status="PASS" signature="quit()[pri:0, instance:bn.test.smlcs.testCase.FundPlanCase@735f7ae5]" name="quit" is-config="true" duration-ms="1064" started-at="2019-12-24T04:49:55Z" finished-at="2019-12-24T04:49:56Z">
          <reporter-output>
          </reporter-output>
        </test-method> <!-- quit -->
      </class> <!-- bn.test.smlcs.testCase.FundPlanCase -->
      <class name="bn.test.smlcs.testCase.ZhuanJieShaoCase">
        <test-method status="PASS" signature="befor()[pri:0, instance:bn.test.smlcs.testCase.ZhuanJieShaoCase@5d624da6]" name="befor" is-config="true" duration-ms="9680" started-at="2019-12-24T05:08:59Z" finished-at="2019-12-24T05:09:08Z">
          <reporter-output>
          </reporter-output>
        </test-method> <!-- befor -->
        <test-method status="PASS" signature="ZhuanJieShaoCase1()[pri:0, instance:bn.test.smlcs.testCase.ZhuanJieShaoCase@5d624da6]" name="ZhuanJieShaoCase1" duration-ms="139939" started-at="2019-12-24T05:09:08Z" description="外部下单流程-正向案例" finished-at="2019-12-24T05:11:28Z">
          <reporter-output>
          </reporter-output>
        </test-method> <!-- ZhuanJieShaoCase1 -->
        <test-method status="PASS" signature="quit()[pri:0, instance:bn.test.smlcs.testCase.ZhuanJieShaoCase@5d624da6]" name="quit" is-config="true" duration-ms="1105" started-at="2019-12-24T05:11:28Z" finished-at="2019-12-24T05:11:29Z">
          <reporter-output>
          </reporter-output>
        </test-method> <!-- quit -->
        <test-method status="PASS" signature="befor()[pri:0, instance:bn.test.smlcs.testCase.ZhuanJieShaoCase@5d624da6]" name="befor" is-config="true" duration-ms="10045" started-at="2019-12-24T05:11:29Z" finished-at="2019-12-24T05:11:39Z">
          <reporter-output>
          </reporter-output>
        </test-method> <!-- befor -->
        <test-method status="PASS" signature="ZhuanJieShaoCase2()[pri:0, instance:bn.test.smlcs.testCase.ZhuanJieShaoCase@5d624da6]" name="ZhuanJieShaoCase2" duration-ms="77491" started-at="2019-12-24T05:11:39Z" description="外部单撤单流程-正向流程" finished-at="2019-12-24T05:12:57Z">
          <reporter-output>
          </reporter-output>
        </test-method> <!-- ZhuanJieShaoCase2 -->
        <test-method status="PASS" signature="quit()[pri:0, instance:bn.test.smlcs.testCase.ZhuanJieShaoCase@5d624da6]" name="quit" is-config="true" duration-ms="1070" started-at="2019-12-24T05:12:57Z" finished-at="2019-12-24T05:12:58Z">
          <reporter-output>
          </reporter-output>
        </test-method> <!-- quit -->
      </class> <!-- bn.test.smlcs.testCase.ZhuanJieShaoCase -->
      <class name="bn.test.smlcs.testCase.DaoQiBianGengCase">
        <test-method status="PASS" signature="befor()[pri:0, instance:bn.test.smlcs.testCase.DaoQiBianGengCase@4e04a765]" name="befor" is-config="true" duration-ms="66673" started-at="2019-12-24T04:43:59Z" finished-at="2019-12-24T04:45:06Z">
          <reporter-output>
          </reporter-output>
        </test-method> <!-- befor -->
        <test-method status="PASS" signature="daoQiBianGengCase1()[pri:0, instance:bn.test.smlcs.testCase.DaoQiBianGengCase@4e04a765]" name="daoQiBianGengCase1" duration-ms="91193" started-at="2019-12-24T04:45:06Z" description="到期变更-正向案例" finished-at="2019-12-24T04:46:37Z">
          <reporter-output>
          </reporter-output>
        </test-method> <!-- daoQiBianGengCase1 -->
        <test-method status="PASS" signature="quit()[pri:0, instance:bn.test.smlcs.testCase.DaoQiBianGengCase@4e04a765]" name="quit" is-config="true" duration-ms="1071" started-at="2019-12-24T04:46:37Z" finished-at="2019-12-24T04:46:38Z">
          <reporter-output>
          </reporter-output>
        </test-method> <!-- quit -->
        <test-method status="PASS" signature="befor()[pri:0, instance:bn.test.smlcs.testCase.DaoQiBianGengCase@4e04a765]" name="befor" is-config="true" duration-ms="9874" started-at="2019-12-24T04:46:38Z" finished-at="2019-12-24T04:46:48Z">
          <reporter-output>
          </reporter-output>
        </test-method> <!-- befor -->
        <test-method status="PASS" signature="daoQiBianGengCase2()[pri:0, instance:bn.test.smlcs.testCase.DaoQiBianGengCase@4e04a765]" name="daoQiBianGengCase2" duration-ms="89843" started-at="2019-12-24T04:46:48Z" description="到期变更撤销订单-正向案例" depends-on-methods="bn.test.smlcs.testCase.DaoQiBianGengCase.daoQiBianGengCase1" finished-at="2019-12-24T04:48:18Z">
          <reporter-output>
          </reporter-output>
        </test-method> <!-- daoQiBianGengCase2 -->
        <test-method status="PASS" signature="quit()[pri:0, instance:bn.test.smlcs.testCase.DaoQiBianGengCase@4e04a765]" name="quit" is-config="true" duration-ms="1053" started-at="2019-12-24T04:48:18Z" finished-at="2019-12-24T04:48:19Z">
          <reporter-output>
          </reporter-output>
        </test-method> <!-- quit -->
      </class> <!-- bn.test.smlcs.testCase.DaoQiBianGengCase -->
      <class name="bn.test.smlcs.testCase.PosterShareCase">
        <test-method status="PASS" signature="befor()[pri:0, instance:bn.test.smlcs.testCase.PosterShareCase@246ae04d]" name="befor" is-config="true" duration-ms="8968" started-at="2019-12-24T04:54:27Z" finished-at="2019-12-24T04:54:36Z">
          <reporter-output>
          </reporter-output>
        </test-method> <!-- befor -->
        <test-method status="PASS" signature="testCase1()[pri:0, instance:bn.test.smlcs.testCase.PosterShareCase@246ae04d]" name="testCase1" duration-ms="40746" started-at="2019-12-24T04:54:36Z" description="海报分享-正向案例" finished-at="2019-12-24T04:55:17Z">
          <reporter-output>
          </reporter-output>
        </test-method> <!-- testCase1 -->
        <test-method status="PASS" signature="quit()[pri:0, instance:bn.test.smlcs.testCase.PosterShareCase@246ae04d]" name="quit" is-config="true" duration-ms="1055" started-at="2019-12-24T04:55:17Z" finished-at="2019-12-24T04:55:18Z">
          <reporter-output>
          </reporter-output>
        </test-method> <!-- quit -->
      </class> <!-- bn.test.smlcs.testCase.PosterShareCase -->
      <class name="bn.test.smlcs.testCase.HeTongYiJiaoCase">
        <test-method status="PASS" signature="befor()[pri:0, instance:bn.test.smlcs.testCase.HeTongYiJiaoCase@180bc464]" name="befor" is-config="true" duration-ms="13048" started-at="2019-12-24T04:49:56Z" finished-at="2019-12-24T04:50:09Z">
          <reporter-output>
          </reporter-output>
        </test-method> <!-- befor -->
        <test-method status="FAIL" signature="case1()[pri:0, instance:bn.test.smlcs.testCase.HeTongYiJiaoCase@180bc464]" name="case1" duration-ms="63281" started-at="2019-12-24T04:50:09Z" description="合同移交-正向案例" finished-at="2019-12-24T04:51:12Z">
          <exception class="org.openqa.selenium.NoSuchElementException">
            <message>
              <![CDATA[Can't locate an element by this strategy: By.chained({By.IosClassChain: **/XCUIElementTypeCell[1]})]]>
            </message>
            <full-stacktrace>
              <![CDATA[org.openqa.selenium.NoSuchElementException: Can't locate an element by this strategy: By.chained({By.IosClassChain: **/XCUIElementTypeCell[1]})
at io.appium.java_client.pagefactory.AppiumElementLocator.findElement(AppiumElementLocator.java:126)
at io.appium.java_client.pagefactory.interceptors.InterceptorOfASingleElement.intercept(InterceptorOfASingleElement.java:59)
at io.appium.java_client.ios.IOSElement$$EnhancerByCGLIB$$d311658.getCenter(<generated>)
at bn.test.smlcs.util.MobileCommonUtil.getElementPointY(MobileCommonUtil.java:98)
at bn.test.smlcs.step.HeTongYiJiaoStep.getCount(HeTongYiJiaoStep.java:73)
at bn.test.smlcs.step.HeTongYiJiaoStep.assertResult(HeTongYiJiaoStep.java:94)
at bn.test.smlcs.testCase.HeTongYiJiaoCase.case1(HeTongYiJiaoCase.java:39)
at sun.reflect.NativeMethodAccessorImpl.invoke0(Native Method)
at sun.reflect.NativeMethodAccessorImpl.invoke(NativeMethodAccessorImpl.java:62)
at sun.reflect.DelegatingMethodAccessorImpl.invoke(DelegatingMethodAccessorImpl.java:43)
at java.lang.reflect.Method.invoke(Method.java:498)
at org.testng.internal.MethodInvocationHelper.invokeMethod(MethodInvocationHelper.java:124)
at org.testng.internal.Invoker.invokeMethod(Invoker.java:580)
at org.testng.internal.Invoker.invokeTestMethod(Invoker.java:716)
at org.testng.internal.Invoker.invokeTestMethods(Invoker.java:988)
at org.testng.internal.TestMethodWorker.invokeTestMethods(TestMethodWorker.java:125)
at org.testng.internal.TestMethodWorker.run(TestMethodWorker.java:109)
at org.testng.TestRunner.privateRun(TestRunner.java:648)
at org.testng.TestRunner.run(TestRunner.java:505)
at org.testng.SuiteRunner.runTest(SuiteRunner.java:455)
at org.testng.SuiteRunner.runSequentially(SuiteRunner.java:450)
at org.testng.SuiteRunner.privateRun(SuiteRunner.java:415)
at org.testng.SuiteRunner.run(SuiteRunner.java:364)
at org.testng.SuiteRunnerWorker.runSuite(SuiteRunnerWorker.java:52)
at org.testng.SuiteRunnerWorker.run(SuiteRunnerWorker.java:84)
at org.testng.TestNG.runSuitesSequentially(TestNG.java:1208)
at org.testng.TestNG.runSuitesLocally(TestNG.java:1137)
at org.testng.TestNG.runSuites(TestNG.java:1049)
at org.testng.TestNG.run(TestNG.java:1017)
at org.apache.maven.surefire.testng.TestNGExecutor.run(TestNGExecutor.java:293)
at org.apache.maven.surefire.testng.TestNGXmlTestSuite.execute(TestNGXmlTestSuite.java:84)
at org.apache.maven.surefire.testng.TestNGProvider.invoke(TestNGProvider.java:91)
at org.apache.maven.surefire.booter.ForkedBooter.invokeProviderInSameClassLoader(ForkedBooter.java:200)
at org.apache.maven.surefire.booter.ForkedBooter.runSuitesInProcess(ForkedBooter.java:153)
at org.apache.maven.surefire.booter.ForkedBooter.main(ForkedBooter.java:103)
Caused by: org.openqa.selenium.TimeoutException: Expected condition failed: waiting for io.appium.java_client.pagefactory.AppiumElementLocator$WaitingFunction@eb507b9 (tried for 10 second(s) with 500 milliseconds interval)
at org.openqa.selenium.support.ui.FluentWait.timeoutException(FluentWait.java:304)
at org.openqa.selenium.support.ui.FluentWait.until(FluentWait.java:272)
at io.appium.java_client.pagefactory.AppiumElementLocator.waitFor(AppiumElementLocator.java:99)
at io.appium.java_client.pagefactory.AppiumElementLocator.findElement(AppiumElementLocator.java:119)
... 34 more
Caused by: org.openqa.selenium.NoSuchElementException: Cannot locate an element using By.chained({By.IosClassChain: **/XCUIElementTypeCell[1]})
For documentation on this error, please visit: https://www.seleniumhq.org/exceptions/no_such_element.html
Build info: version: '3.141.59', revision: 'e82be7d358', time: '2018-11-14T08:17:03'
System info: host: 'zhaodongMac.local', ip: 'fe80:0:0:0:86a:d386:a468:1124%en0', os.name: 'Mac OS X', os.arch: 'x86_64', os.version: '10.14.3', java.version: '1.8.0_111'
Driver info: driver.version: IOSDriver
at io.appium.java_client.pagefactory.bys.builder.ByChained.findElement(ByChained.java:74)
at org.openqa.selenium.remote.RemoteWebDriver.findElement(RemoteWebDriver.java:315)
at io.appium.java_client.DefaultGenericMobileDriver.findElement(DefaultGenericMobileDriver.java:58)
at io.appium.java_client.AppiumDriver.findElement(AppiumDriver.java:1)
at io.appium.java_client.ios.IOSDriver.findElement(IOSDriver.java:1)
at io.appium.java_client.pagefactory.bys.ContentMappedBy.findElement(ContentMappedBy.java:50)
at org.openqa.selenium.remote.RemoteWebDriver.findElement(RemoteWebDriver.java:315)
at io.appium.java_client.DefaultGenericMobileDriver.findElement(DefaultGenericMobileDriver.java:58)
at io.appium.java_client.AppiumDriver.findElement(AppiumDriver.java:1)
at io.appium.java_client.ios.IOSDriver.findElement(IOSDriver.java:1)
at io.appium.java_client.pagefactory.AppiumElementLocator.lambda$0(AppiumElementLocator.java:120)
at io.appium.java_client.pagefactory.AppiumElementLocator$WaitingFunction.apply(AppiumElementLocator.java:172)
at io.appium.java_client.pagefactory.AppiumElementLocator$WaitingFunction.apply(AppiumElementLocator.java:1)
at org.openqa.selenium.support.ui.FluentWait.until(FluentWait.java:249)
... 36 more
]]>
            </full-stacktrace>
          </exception> <!-- org.openqa.selenium.NoSuchElementException -->
          <reporter-output>
          </reporter-output>
        </test-method> <!-- case1 -->
        <test-method status="PASS" signature="quit()[pri:0, instance:bn.test.smlcs.testCase.HeTongYiJiaoCase@180bc464]" name="quit" is-config="true" duration-ms="1075" started-at="2019-12-24T04:51:13Z" finished-at="2019-12-24T04:51:14Z">
          <reporter-output>
          </reporter-output>
        </test-method> <!-- quit -->
        <test-method status="PASS" signature="befor()[pri:0, instance:bn.test.smlcs.testCase.HeTongYiJiaoCase@180bc464]" name="befor" is-config="true" duration-ms="12455" started-at="2019-12-24T04:51:14Z" finished-at="2019-12-24T04:51:26Z">
          <reporter-output>
          </reporter-output>
        </test-method> <!-- befor -->
        <test-method status="PASS" signature="case2()[pri:0, instance:bn.test.smlcs.testCase.HeTongYiJiaoCase@180bc464]" name="case2" duration-ms="34589" started-at="2019-12-24T04:51:26Z" description="合同移交-反向案例" finished-at="2019-12-24T04:52:01Z">
          <reporter-output>
          </reporter-output>
        </test-method> <!-- case2 -->
        <test-method status="PASS" signature="quit()[pri:0, instance:bn.test.smlcs.testCase.HeTongYiJiaoCase@180bc464]" name="quit" is-config="true" duration-ms="1106" started-at="2019-12-24T04:52:01Z" finished-at="2019-12-24T04:52:02Z">
          <reporter-output>
          </reporter-output>
        </test-method> <!-- quit -->
      </class> <!-- bn.test.smlcs.testCase.HeTongYiJiaoCase -->
      <class name="bn.test.smlcs.testCase.ProductionCase">
        <test-method status="PASS" signature="befor()[pri:0, instance:bn.test.smlcs.testCase.ProductionCase@62043840]" name="befor" is-config="true" duration-ms="8554" started-at="2019-12-24T04:55:18Z" finished-at="2019-12-24T04:55:26Z">
          <reporter-output>
          </reporter-output>
        </test-method> <!-- befor -->
        <test-method status="PASS" signature="productionCase1()[pri:0, instance:bn.test.smlcs.testCase.ProductionCase@62043840]" name="productionCase1" duration-ms="48335" started-at="2019-12-24T04:55:26Z" description="产品tab-股权投资类展示-正向流程" finished-at="2019-12-24T04:56:15Z">
          <reporter-output>
          </reporter-output>
        </test-method> <!-- productionCase1 -->
        <test-method status="PASS" signature="quit()[pri:0, instance:bn.test.smlcs.testCase.ProductionCase@62043840]" name="quit" is-config="true" duration-ms="1053" started-at="2019-12-24T04:56:15Z" finished-at="2019-12-24T04:56:16Z">
          <reporter-output>
          </reporter-output>
        </test-method> <!-- quit -->
        <test-method status="PASS" signature="befor()[pri:0, instance:bn.test.smlcs.testCase.ProductionCase@62043840]" name="befor" is-config="true" duration-ms="9851" started-at="2019-12-24T04:56:16Z" finished-at="2019-12-24T04:56:26Z">
          <reporter-output>
          </reporter-output>
        </test-method> <!-- befor -->
        <test-method status="PASS" signature="productionCase2()[pri:0, instance:bn.test.smlcs.testCase.ProductionCase@62043840]" name="productionCase2" duration-ms="49195" started-at="2019-12-24T04:56:26Z" description="产品tab-海外类展示-正向流程" finished-at="2019-12-24T04:57:15Z">
          <reporter-output>
          </reporter-output>
        </test-method> <!-- productionCase2 -->
        <test-method status="PASS" signature="quit()[pri:0, instance:bn.test.smlcs.testCase.ProductionCase@62043840]" name="quit" is-config="true" duration-ms="1103" started-at="2019-12-24T04:57:15Z" finished-at="2019-12-24T04:57:16Z">
          <reporter-output>
          </reporter-output>
        </test-method> <!-- quit -->
        <test-method status="PASS" signature="befor()[pri:0, instance:bn.test.smlcs.testCase.ProductionCase@62043840]" name="befor" is-config="true" duration-ms="8615" started-at="2019-12-24T04:57:16Z" finished-at="2019-12-24T04:57:25Z">
          <reporter-output>
          </reporter-output>
        </test-method> <!-- befor -->
        <test-method status="PASS" signature="productionCase3()[pri:0, instance:bn.test.smlcs.testCase.ProductionCase@62043840]" name="productionCase3" duration-ms="50530" started-at="2019-12-24T04:57:25Z" description="产品tab-现金管理类展示-正向流程" finished-at="2019-12-24T04:58:15Z">
          <reporter-output>
          </reporter-output>
        </test-method> <!-- productionCase3 -->
        <test-method status="PASS" signature="quit()[pri:0, instance:bn.test.smlcs.testCase.ProductionCase@62043840]" name="quit" is-config="true" duration-ms="1055" started-at="2019-12-24T04:58:15Z" finished-at="2019-12-24T04:58:16Z">
          <reporter-output>
          </reporter-output>
        </test-method> <!-- quit -->
      </class> <!-- bn.test.smlcs.testCase.ProductionCase -->
    </test> <!-- tests -->
  </suite> <!-- test-suite -->
</testng-results>
